<?xml version="1.0" encoding="UTF-8"?>
<testng-results ignored="0" total="2" passed="2" failed="0" skipped="0">
  <reporter-output>
  </reporter-output>
  <suite started-at="2024-04-25T10:00:17Z" name="Default suite" finished-at="2024-04-25T10:00:35Z" duration-ms="17928">
    <groups>
    </groups>
    <test started-at="2024-04-25T10:00:17Z" name="Default test" finished-at="2024-04-25T10:00:35Z" duration-ms="17928">
      <class name="pageObject.Trial">
        <test-method signature="test()[pri:1, instance:pageObject.Trial@8519cb4]" started-at="2024-04-25T15:30:17Z" name="test" finished-at="2024-04-25T15:30:24Z" duration-ms="7283" status="PASS">
          <reporter-output>
          </reporter-output>
        </test-method> <!-- test -->
        <test-method signature="beneficiary()[pri:3, instance:pageObject.Trial@8519cb4]" started-at="2024-04-25T15:30:24Z" name="beneficiary" description="beneficairy" finished-at="2024-04-25T15:30:35Z" duration-ms="10621" status="PASS">
          <reporter-output>
          </reporter-output>
        </test-method> <!-- beneficiary -->
      </class> <!-- pageObject.Trial -->
    </test> <!-- Default test -->
  </suite> <!-- Default suite -->
</testng-results>
